openjdk version "1.8.0_462"
OpenJDK Runtime Environment (Alibaba Dragonwell Standard Edition 8.26.25) (build 1.8.0_462-b01)
OpenJDK 64-Bit Server VM (Alibaba Dragonwell Standard Edition 8.26.25) (build 25.462-b01, mixed mode)
=JAVA VERSION OUTPUT END=
=RELEASE INFO BEGIN=
JAVA_VERSION="1.8.0_462"
OS_NAME="Linux"
OS_VERSION="2.6"
OS_ARCH="amd64"
SOURCE=".:git:b616ce88a6c3+"
IMPLEMENTOR="Alibaba"
BUILD_SOURCE="git:9ff799f5bcfbc2553366821902d81e9e5b8bb688"
BUILD_SOURCE_REPO="https://github.com/dragonwell-releng/openjdk-build.git"
SOURCE_REPO="https://github.com/dragonwell-project/dragonwell8.git"
FULL_VERSION="1.8.0_462-b01"
SEMANTIC_VERSION="8.0.462+1"
BUILD_INFO="OS: Linux Version: 5.4.0-137-generic"
JVM_VARIANT="Dragonwell"
JVM_VERSION="25.462-b01"
IMAGE_TYPE="JDK"
